<?xml version="1.0" encoding="UTF-8"?>
<!-- Generated by org.testng.reporters.JUnitXMLReporter -->
<testsuite ignored="0" hostname="LAPTOP-3N0HLSP8" failures="0" tests="5" name="Default test" time="24.792" errors="0" timestamp="2023-05-02T18:54:12 IST">
  <testcase classname="com.saucedemo.qa.HomePageTest" name="homePageTitleTest" time="0.129"/>
  <testcase classname="com.saucedemo.qa.HomePageTest" name="HomePageLogoTest" time="0.156"/>
  <testcase classname="com.saucedemo.qa.HomePageTest" name="priorityLabelTest" time="0.146"/>
  <testcase classname="com.saucedemo.qa.HomePageTest" name="verifyLogoutBtn" time="0.499"/>
  <testcase classname="com.saucedemo.qa.HomePageTest" name="selectExpensiveProduct" time="0.386"/>
</testsuite> <!-- Default test -->
