<?xml version="1.0" encoding="UTF-8"?>
<!-- Generated by org.testng.reporters.JUnitXMLReporter -->
<testsuite ignored="3" hostname="LAPTOP-3N0HLSP8" failures="0" tests="1" name="Default test" time="5.85" errors="0" timestamp="2023-04-26T18:03:29 IST">
  <testcase classname="com.saucedemo.qa.LoginPageTest" name="loginTest" time="0.635"/>
  <testcase classname="com.saucedemo.qa.LoginPageTest" name="loginWithDifferentCrd" time="0.0">
    <ignored/>
  </testcase> <!-- loginWithDifferentCrd -->
  <testcase classname="com.saucedemo.qa.LoginPageTest" name="loginPageTitleTest" time="0.0">
    <ignored/>
  </testcase> <!-- loginPageTitleTest -->
  <testcase classname="com.saucedemo.qa.LoginPageTest" name="loginPageLogoTest" time="0.0">
    <ignored/>
  </testcase> <!-- loginPageLogoTest -->
</testsuite> <!-- Default test -->
