<?xml version="1.0" encoding="UTF-8"?>
<!-- Generated by org.testng.reporters.JUnitXMLReporter -->
<testsuite ignored="0" hostname="LAPTOP-3N0HLSP8" failures="0" tests="4" name="Test" time="20.621" errors="0" timestamp="2023-05-12T11:00:42 IST">
  <testcase classname="com.saucedemo.qa.pageTest.CartPageTest" name="cartPageTitleTest" time="0.946"/>
  <testcase classname="com.saucedemo.qa.pageTest.CartPageTest" name="cartPageLogoTest" time="0.862"/>
  <testcase classname="com.saucedemo.qa.pageTest.CartPageTest" name="cartPageLabelTest" time="0.862"/>
  <testcase classname="com.saucedemo.qa.pageTest.CartPageTest" name="removeproductBtnTest" time="1.257"/>
</testsuite> <!-- Test -->
