<?xml version="1.0" encoding="UTF-8"?>
<!-- Generated by org.testng.reporters.JUnitXMLReporter -->
<testsuite ignored="0" hostname="LAPTOP-3N0HLSP8" failures="1" tests="5" name="Test" time="36.7" errors="0" timestamp="2023-04-26T13:02:55 IST">
  <testcase classname="com.saucedemo.qa.HomePageTest" name="homePageTitleTest" time="0.037">
    <failure type="java.lang.AssertionError" message="expected [Swag-Labs] but found [Swag Labs]">
      <![CDATA[java.lang.AssertionError: expected [Swag-Labs] but found [Swag Labs]
at com.saucedemo.qa.HomePageTest.homePageTitleTest(HomePageTest.java:32)
at java.base/java.util.ArrayList.forEach(ArrayList.java:1511)
... Removed 31 stack frames]]>
    </failure>
  </testcase> <!-- homePageTitleTest -->
  <testcase classname="com.saucedemo.qa.HomePageTest" name="HomePageLogoTest" time="0.167"/>
  <testcase classname="com.saucedemo.qa.HomePageTest" name="priorityLabelTest" time="0.06"/>
  <testcase classname="com.saucedemo.qa.HomePageTest" name="verifyLogoutBtn" time="0.469"/>
  <testcase classname="com.saucedemo.qa.HomePageTest" name="selectExpensiveProduct" time="0.317"/>
</testsuite> <!-- Test -->
