<?xml version="1.0" encoding="UTF-8"?>
<!-- Generated by org.testng.reporters.JUnitXMLReporter -->
<testsuite ignored="10" hostname="LAPTOP-3N0HLSP8" failures="2" tests="6" name="SmokeTest" time="0.851" errors="0" timestamp="2023-05-12T07:34:18 IST">
  <testcase classname="com.saucedemo.qa.pageTest.HomePageTest" name="@BeforeClass beforeSetUp" time="0.001">
    <failure type="java.lang.NullPointerException" message="Cannot invoke &amp;quot;com.saucedemo.qa.pageObjects.LoginPage.loginApplication(String, String)&amp;quot; because &amp;quot;this.loginPage&amp;quot; is null">
      <![CDATA[java.lang.NullPointerException: Cannot invoke "com.saucedemo.qa.pageObjects.LoginPage.loginApplication(String, String)" because "this.loginPage" is null
at com.saucedemo.qa.pageTest.HomePageTest.beforeSetUp(HomePageTest.java:18)
at java.base/java.util.ArrayList.forEach(ArrayList.java:1511)
... Removed 23 stack frames]]>
    </failure>
  </testcase> <!-- @BeforeClass beforeSetUp -->
  <testcase classname="com.saucedemo.qa.pageTest.LoginPageTest" name="loginPageLogoTest" time="0.162"/>
  <testcase classname="com.saucedemo.qa.pageTest.HomePageTest" name="HomePageLogoTest" time="0.0">
    <skipped/>
  </testcase> <!-- HomePageLogoTest -->
  <testcase classname="com.saucedemo.qa.pageTest.HomePageTest" name="selectExpensiveProduct" time="0.0">
    <skipped/>
  </testcase> <!-- selectExpensiveProduct -->
  <testcase classname="com.saucedemo.qa.pageTest.HomePageTest" name="verifyLogoutBtn" time="0.0">
    <skipped/>
  </testcase> <!-- verifyLogoutBtn -->
  <testcase classname="com.saucedemo.qa.pageTest.CartPageTest" name="cartPageLogoTest" time="0.003">
    <failure type="java.lang.NullPointerException" message="Cannot invoke &amp;quot;com.saucedemo.qa.pageObjects.LoginPage.loginApplication(String, String)&amp;quot; because &amp;quot;this.loginPage&amp;quot; is null">
      <![CDATA[java.lang.NullPointerException: Cannot invoke "com.saucedemo.qa.pageObjects.LoginPage.loginApplication(String, String)" because "this.loginPage" is null
at com.saucedemo.qa.pageTest.CartPageTest.cartPageLogoTest(CartPageTest.java:36)
at java.base/java.util.ArrayList.forEach(ArrayList.java:1511)
... Removed 25 stack frames]]>
    </failure>
  </testcase> <!-- cartPageLogoTest -->
  <testcase classname="com.saucedemo.qa.pageTest.CartPageTest" name="removeproductBtnTest" time="0.002">
    <failure type="java.lang.NullPointerException" message="Cannot invoke &amp;quot;com.saucedemo.qa.pageObjects.LoginPage.loginApplication(String, String)&amp;quot; because &amp;quot;this.loginPage&amp;quot; is null">
      <![CDATA[java.lang.NullPointerException: Cannot invoke "com.saucedemo.qa.pageObjects.LoginPage.loginApplication(String, String)" because "this.loginPage" is null
at com.saucedemo.qa.pageTest.CartPageTest.removeproductBtnTest(CartPageTest.java:60)
at java.base/java.util.ArrayList.forEach(ArrayList.java:1511)
... Removed 25 stack frames]]>
    </failure>
  </testcase> <!-- removeproductBtnTest -->
  <testcase classname="com.saucedemo.qa.pageTest.LoginPageTest" name="loginPageTitleTest" time="0.0">
    <ignored/>
  </testcase> <!-- loginPageTitleTest -->
  <testcase classname="com.saucedemo.qa.TestComponents.BaseTest" name="@AfterSuite tearDown" time="0.0">
    <ignored/>
  </testcase> <!-- @AfterSuite tearDown -->
  <testcase classname="com.saucedemo.qa.pageTest.LoginPageTest" name="loginWithDifferentCrd" time="0.0">
    <ignored/>
  </testcase> <!-- loginWithDifferentCrd -->
  <testcase classname="com.saucedemo.qa.TestComponents.BaseTest" name="@BeforeSuite initialization" time="0.0">
    <ignored/>
  </testcase> <!-- @BeforeSuite initialization -->
  <testcase classname="com.saucedemo.qa.pageTest.CartPageTest" name="cartPageLabelTest" time="0.0">
    <ignored/>
  </testcase> <!-- cartPageLabelTest -->
  <testcase classname="com.saucedemo.qa.pageTest.HomePageTest" name="priorityLabelTest" time="0.0">
    <ignored/>
  </testcase> <!-- priorityLabelTest -->
  <testcase classname="com.saucedemo.qa.TestComponents.BaseTest" name="@AfterSuite tearDown" time="0.0">
    <ignored/>
  </testcase> <!-- @AfterSuite tearDown -->
  <testcase classname="com.saucedemo.qa.pageTest.CartPageTest" name="cartPageTitleTest" time="0.0">
    <ignored/>
  </testcase> <!-- cartPageTitleTest -->
  <testcase classname="com.saucedemo.qa.TestComponents.BaseTest" name="@BeforeSuite initialization" time="0.0">
    <ignored/>
  </testcase> <!-- @BeforeSuite initialization -->
  <testcase classname="com.saucedemo.qa.pageTest.HomePageTest" name="homePageTitleTest" time="0.0">
    <ignored/>
  </testcase> <!-- homePageTitleTest -->
</testsuite> <!-- SmokeTest -->
