<?xml version="1.0" encoding="UTF-8"?>
<!-- Generated by org.testng.reporters.JUnitXMLReporter -->
<testsuite ignored="6" hostname="LAPTOP-3N0HLSP8" failures="0" tests="0" name="test" time="0.459" errors="0" timestamp="2023-05-03T12:59:44 IST">
  <testcase classname="com.saucedemo.qa.pageTest.LoginPageTest" name="loginPageTitleTest" time="0.0">
    <ignored/>
  </testcase> <!-- loginPageTitleTest -->
  <testcase classname="com.saucedemo.qa.pageTest.LoginPageTest" name="loginWithDifferentCrd" time="0.0">
    <ignored/>
  </testcase> <!-- loginWithDifferentCrd -->
  <testcase classname="com.saucedemo.qa.pageTest.HomePageTest" name="homePageTitleTest" time="0.0">
    <ignored/>
  </testcase> <!-- homePageTitleTest -->
  <testcase classname="com.saucedemo.qa.pageTest.CartPageTest" name="cartPageTitleTest" time="0.0">
    <ignored/>
  </testcase> <!-- cartPageTitleTest -->
  <testcase classname="com.saucedemo.qa.pageTest.HomePageTest" name="priorityLabelTest" time="0.0">
    <ignored/>
  </testcase> <!-- priorityLabelTest -->
  <testcase classname="com.saucedemo.qa.pageTest.CartPageTest" name="cartPageLabelTest" time="0.0">
    <ignored/>
  </testcase> <!-- cartPageLabelTest -->
</testsuite> <!-- test -->
