<?xml version="1.0" encoding="UTF-8"?>
<testng-results ignored="0" total="4" passed="4" failed="0" skipped="0">
  <reporter-output>
  </reporter-output>
  <suite started-at="2023-05-12T11:00:21 IST" name="Suite" finished-at="2023-05-12T11:00:41 IST" duration-ms="20621">
    <groups>
      <group name="smoke">
        <method signature="CartPageTest.cartPageLogoTest()[pri:2, instance:com.saucedemo.qa.pageTest.CartPageTest@6979efad]" name="cartPageLogoTest" class="com.saucedemo.qa.pageTest.CartPageTest"/>
        <method signature="CartPageTest.removeproductBtnTest()[pri:4, instance:com.saucedemo.qa.pageTest.CartPageTest@6979efad]" name="removeproductBtnTest" class="com.saucedemo.qa.pageTest.CartPageTest"/>
      </group> <!-- smoke -->
    </groups>
    <test started-at="2023-05-12T11:00:21 IST" name="Test" finished-at="2023-05-12T11:00:41 IST" duration-ms="20621">
      <class name="com.saucedemo.qa.pageTest.CartPageTest">
        <test-method is-config="true" signature="initialization()[pri:0, instance:com.saucedemo.qa.pageTest.CartPageTest@6979efad]" started-at="2023-05-12T11:00:21 IST" name="initialization" finished-at="2023-05-12T11:00:27 IST" duration-ms="5819" status="PASS">
          <reporter-output>
          </reporter-output>
        </test-method> <!-- initialization -->
        <test-method signature="cartPageTitleTest()[pri:1, instance:com.saucedemo.qa.pageTest.CartPageTest@6979efad]" started-at="2023-05-12T11:00:27 IST" name="cartPageTitleTest" finished-at="2023-05-12T11:00:27 IST" duration-ms="946" status="PASS">
          <reporter-output>
          </reporter-output>
        </test-method> <!-- cartPageTitleTest -->
        <test-method is-config="true" signature="tearDown()[pri:0, instance:com.saucedemo.qa.pageTest.CartPageTest@6979efad]" started-at="2023-05-12T11:00:28 IST" name="tearDown" finished-at="2023-05-12T11:00:28 IST" duration-ms="576" status="PASS">
          <reporter-output>
          </reporter-output>
        </test-method> <!-- tearDown -->
        <test-method is-config="true" signature="initialization()[pri:0, instance:com.saucedemo.qa.pageTest.CartPageTest@6979efad]" started-at="2023-05-12T11:00:28 IST" name="initialization" finished-at="2023-05-12T11:00:31 IST" duration-ms="3339" status="PASS">
          <reporter-output>
          </reporter-output>
        </test-method> <!-- initialization -->
        <test-method signature="cartPageLogoTest()[pri:2, instance:com.saucedemo.qa.pageTest.CartPageTest@6979efad]" started-at="2023-05-12T11:00:31 IST" name="cartPageLogoTest" finished-at="2023-05-12T11:00:32 IST" duration-ms="862" status="PASS">
          <reporter-output>
          </reporter-output>
        </test-method> <!-- cartPageLogoTest -->
        <test-method is-config="true" signature="tearDown()[pri:0, instance:com.saucedemo.qa.pageTest.CartPageTest@6979efad]" started-at="2023-05-12T11:00:32 IST" name="tearDown" finished-at="2023-05-12T11:00:33 IST" duration-ms="405" status="PASS">
          <reporter-output>
          </reporter-output>
        </test-method> <!-- tearDown -->
        <test-method is-config="true" signature="initialization()[pri:0, instance:com.saucedemo.qa.pageTest.CartPageTest@6979efad]" started-at="2023-05-12T11:00:33 IST" name="initialization" finished-at="2023-05-12T11:00:35 IST" duration-ms="2742" status="PASS">
          <reporter-output>
          </reporter-output>
        </test-method> <!-- initialization -->
        <test-method signature="cartPageLabelTest()[pri:3, instance:com.saucedemo.qa.pageTest.CartPageTest@6979efad]" started-at="2023-05-12T11:00:35 IST" name="cartPageLabelTest" finished-at="2023-05-12T11:00:36 IST" duration-ms="862" status="PASS">
          <reporter-output>
          </reporter-output>
        </test-method> <!-- cartPageLabelTest -->
        <test-method is-config="true" signature="tearDown()[pri:0, instance:com.saucedemo.qa.pageTest.CartPageTest@6979efad]" started-at="2023-05-12T11:00:36 IST" name="tearDown" finished-at="2023-05-12T11:00:37 IST" duration-ms="402" status="PASS">
          <reporter-output>
          </reporter-output>
        </test-method> <!-- tearDown -->
        <test-method is-config="true" signature="initialization()[pri:0, instance:com.saucedemo.qa.pageTest.CartPageTest@6979efad]" started-at="2023-05-12T11:00:37 IST" name="initialization" finished-at="2023-05-12T11:00:40 IST" duration-ms="2820" status="PASS">
          <reporter-output>
          </reporter-output>
        </test-method> <!-- initialization -->
        <test-method signature="removeproductBtnTest()[pri:4, instance:com.saucedemo.qa.pageTest.CartPageTest@6979efad]" started-at="2023-05-12T11:00:40 IST" name="removeproductBtnTest" finished-at="2023-05-12T11:00:41 IST" duration-ms="1257" status="PASS">
          <reporter-output>
          </reporter-output>
        </test-method> <!-- removeproductBtnTest -->
        <test-method is-config="true" signature="tearDown()[pri:0, instance:com.saucedemo.qa.pageTest.CartPageTest@6979efad]" started-at="2023-05-12T11:00:41 IST" name="tearDown" finished-at="2023-05-12T11:00:41 IST" duration-ms="392" status="PASS">
          <reporter-output>
          </reporter-output>
        </test-method> <!-- tearDown -->
      </class> <!-- com.saucedemo.qa.pageTest.CartPageTest -->
    </test> <!-- Test -->
  </suite> <!-- Suite -->
</testng-results>
