<?xml version="1.0" encoding="UTF-8"?>
<testng-results ignored="3" total="4" passed="1" failed="0" skipped="0">
  <reporter-output>
  </reporter-output>
  <suite started-at="2023-04-26T18:03:23 IST" name="Default suite" finished-at="2023-04-26T18:03:29 IST" duration-ms="5850">
    <groups>
    </groups>
    <test started-at="2023-04-26T18:03:23 IST" name="Default test" finished-at="2023-04-26T18:03:29 IST" duration-ms="5850">
      <class name="com.saucedemo.qa.LoginPageTest">
        <test-method is-config="true" signature="setup()[pri:0, instance:com.saucedemo.qa.LoginPageTest@346a361]" started-at="2023-04-26T18:03:24 IST" name="setup" finished-at="2023-04-26T18:03:28 IST" duration-ms="4677" status="PASS">
          <reporter-output>
          </reporter-output>
        </test-method> <!-- setup -->
        <test-method signature="loginTest()[pri:3, instance:com.saucedemo.qa.LoginPageTest@346a361]" started-at="2023-04-26T18:03:28 IST" name="loginTest" finished-at="2023-04-26T18:03:29 IST" duration-ms="635" status="PASS">
          <reporter-output>
          </reporter-output>
        </test-method> <!-- loginTest -->
        <test-method is-config="true" signature="tearDown()[pri:0, instance:com.saucedemo.qa.LoginPageTest@346a361]" started-at="2023-04-26T18:03:29 IST" name="tearDown" finished-at="2023-04-26T18:03:29 IST" duration-ms="471" status="PASS">
          <reporter-output>
          </reporter-output>
        </test-method> <!-- tearDown -->
      </class> <!-- com.saucedemo.qa.LoginPageTest -->
    </test> <!-- Default test -->
  </suite> <!-- Default suite -->
</testng-results>
