<?xml version="1.0" encoding="UTF-8"?>
<!-- Generated by org.testng.reporters.JUnitXMLReporter -->
<testsuite ignored="0" hostname="LAPTOP-3N0HLSP8" failures="0" tests="5" name="ExecuteHomePage" time="1.279" errors="0" timestamp="2023-05-11T17:13:43 IST">
  <testcase classname="com.saucedemo.qa.pageTest.HomePageTest" name="homePageTitleTest" time="0.063"/>
  <testcase classname="com.saucedemo.qa.pageTest.HomePageTest" name="HomePageLogoTest" time="0.151"/>
  <testcase classname="com.saucedemo.qa.pageTest.HomePageTest" name="priorityLabelTest" time="0.06"/>
  <testcase classname="com.saucedemo.qa.pageTest.HomePageTest" name="selectExpensiveProduct" time="0.235"/>
  <testcase classname="com.saucedemo.qa.pageTest.HomePageTest" name="verifyLogoutBtn" time="0.258"/>
</testsuite> <!-- ExecuteHomePage -->
