<?xml version="1.0" encoding="UTF-8"?>
<!-- Generated by org.testng.reporters.JUnitXMLReporter -->
<testsuite ignored="0" hostname="LAPTOP-3N0HLSP8" failures="0" tests="17" name="ExecuteAllTC" time="76.953" errors="0" timestamp="2023-05-02T18:56:15 IST">
  <testcase classname="com.saucedemo.qa.LoginPageTest" name="loginPageTitleTest" time="0.034"/>
  <testcase classname="com.saucedemo.qa.LoginPageTest" name="loginPageLogoTest" time="0.103"/>
  <testcase classname="com.saucedemo.qa.LoginPageTest" name="loginWithDifferentCrd" time="0.702"/>
  <testcase classname="com.saucedemo.qa.LoginPageTest" name="loginWithDifferentCrd" time="0.508"/>
  <testcase classname="com.saucedemo.qa.LoginPageTest" name="loginWithDifferentCrd" time="0.652"/>
  <testcase classname="com.saucedemo.qa.LoginPageTest" name="loginWithDifferentCrd" time="5.694"/>
  <testcase classname="com.saucedemo.qa.LoginPageTest" name="loginWithDifferentCrd" time="0.45"/>
  <testcase classname="com.saucedemo.qa.LoginPageTest" name="loginWithDifferentCrd" time="0.451"/>
  <testcase classname="com.saucedemo.qa.HomePageTest" name="homePageTitleTest" time="0.085"/>
  <testcase classname="com.saucedemo.qa.HomePageTest" name="HomePageLogoTest" time="0.139"/>
  <testcase classname="com.saucedemo.qa.HomePageTest" name="priorityLabelTest" time="0.147"/>
  <testcase classname="com.saucedemo.qa.HomePageTest" name="verifyLogoutBtn" time="0.492"/>
  <testcase classname="com.saucedemo.qa.HomePageTest" name="selectExpensiveProduct" time="0.373"/>
  <testcase classname="com.saucedemo.qa.CartPageTest" name="cartPageTitleTest" time="0.016"/>
  <testcase classname="com.saucedemo.qa.CartPageTest" name="cartPageLogoTest" time="0.064"/>
  <testcase classname="com.saucedemo.qa.CartPageTest" name="cartPageLabelTest" time="0.066"/>
  <testcase classname="com.saucedemo.qa.CartPageTest" name="removeproductBtnTest" time="0.534"/>
</testsuite> <!-- ExecuteAllTC -->
