<?xml version="1.0" encoding="UTF-8"?>
<!-- Generated by org.testng.reporters.JUnitXMLReporter -->
<testsuite ignored="0" hostname="LAPTOP-3N0HLSP8" failures="0" tests="17" name="ExecuteAllTC" time="75.183" errors="0" timestamp="2023-05-12T09:59:17 IST">
  <testcase classname="com.saucedemo.qa.pageTest.LoginPageTest" name="loginPageTitleTest" time="0.046"/>
  <testcase classname="com.saucedemo.qa.pageTest.LoginPageTest" name="loginPageLogoTest" time="0.098"/>
  <testcase classname="com.saucedemo.qa.pageTest.LoginPageTest" name="loginWithDifferentCrd" time="1.024"/>
  <testcase classname="com.saucedemo.qa.pageTest.LoginPageTest" name="loginWithDifferentCrd" time="1.005"/>
  <testcase classname="com.saucedemo.qa.pageTest.LoginPageTest" name="loginWithDifferentCrd" time="6.24"/>
  <testcase classname="com.saucedemo.qa.pageTest.LoginPageTest" name="loginWithDifferentCrd" time="0.668"/>
  <testcase classname="com.saucedemo.qa.pageTest.LoginPageTest" name="loginWithDifferentCrd" time="0.641"/>
  <testcase classname="com.saucedemo.qa.pageTest.LoginPageTest" name="loginWithDifferentCrd" time="0.653"/>
  <testcase classname="com.saucedemo.qa.pageTest.HomePageTest" name="homePageTitleTest" time="0.625"/>
  <testcase classname="com.saucedemo.qa.pageTest.HomePageTest" name="HomePageLogoTest" time="0.719"/>
  <testcase classname="com.saucedemo.qa.pageTest.HomePageTest" name="priorityLabelTest" time="0.739"/>
  <testcase classname="com.saucedemo.qa.pageTest.HomePageTest" name="selectExpensiveProduct" time="0.861"/>
  <testcase classname="com.saucedemo.qa.pageTest.HomePageTest" name="verifyLogoutBtn" time="0.926"/>
  <testcase classname="com.saucedemo.qa.pageTest.CartPageTest" name="cartPageTitleTest" time="0.706"/>
  <testcase classname="com.saucedemo.qa.pageTest.CartPageTest" name="cartPageLogoTest" time="0.837"/>
  <testcase classname="com.saucedemo.qa.pageTest.CartPageTest" name="cartPageLabelTest" time="0.789"/>
  <testcase classname="com.saucedemo.qa.pageTest.CartPageTest" name="removeproductBtnTest" time="1.298"/>
</testsuite> <!-- ExecuteAllTC -->
